<?xml version="1.0" encoding="UTF-8"?>
<!-- Generated by org.testng.reporters.JUnitReportReporter -->
<testsuite hostname="DESKTOP-CUBTG55" failures="0" tests="1" name="Tests.CalculationTests" time="9.522" errors="0" timestamp="2023-02-22T13:55:11 EST" skipped="0">
  <testcase classname="Tests.CalculationTests" name="Execution" time="9.522"/>
  <system-out/>
</testsuite> <!-- Tests.CalculationTests -->
